2021-06-12 22:23:56,440 INFO o.s.b.StartupInfoLogger [main] Starting App using Java 16 on pop-os with PID 14209 (/home/gersta/dev/cas-scheduler/target/classes started by gersta in /home/gersta/dev/cas-scheduler)
2021-06-12 22:23:56,444 INFO o.s.b.SpringApplication [main] The following profiles are active: local
2021-06-12 22:23:56,444 DEBUG o.s.b.SpringApplication [main] Loading source class de.gerritstapper.casscheduler.App
2021-06-12 22:23:56,831 INFO d.g.c.s.l.p.AbstractLecturePdfReaderService [main] getDocument(): M_T_Lehrveranstaltungen.pdf
2021-06-12 22:23:57,063 INFO d.g.c.s.l.p.AbstractLecturePdfReaderService [main] getDocument(): M_W_Lehrveranstaltungen.pdf
2021-06-12 22:23:57,215 INFO d.g.c.s.m.p.ModulePdfTextStripper [main] getDocument(): M_T_Modulhandbuch.pdf
2021-06-12 22:23:57,340 DEBUG o.s.b.a.SpringApplicationAdminMXBeanRegistrar [main] Application Admin MBean registered with name 'org.springframework.boot:type=Admin,name=SpringApplication'
2021-06-12 22:23:57,439 DEBUG o.s.b.a.l.ConditionEvaluationReportLoggingListener [main] 


============================
CONDITIONS EVALUATION REPORT
============================


Positive matches:
-----------------

   AopAutoConfiguration matched:
      - @ConditionalOnProperty (spring.aop.auto=true) matched (OnPropertyCondition)

   AopAutoConfiguration.ClassProxyingConfiguration matched:
      - @ConditionalOnMissingClass did not find unwanted class 'org.aspectj.weaver.Advice' (OnClassCondition)
      - @ConditionalOnProperty (spring.aop.proxy-target-class=true) matched (OnPropertyCondition)

   GenericCacheConfiguration matched:
      - Cache org.springframework.boot.autoconfigure.cache.GenericCacheConfiguration automatic cache type (CacheCondition)

   JacksonAutoConfiguration matched:
      - @ConditionalOnClass found required class 'com.fasterxml.jackson.databind.ObjectMapper' (OnClassCondition)

   JmxAutoConfiguration matched:
      - @ConditionalOnClass found required class 'org.springframework.jmx.export.MBeanExporter' (OnClassCondition)
      - @ConditionalOnProperty (spring.jmx.enabled=true) matched (OnPropertyCondition)

   JmxAutoConfiguration#mbeanExporter matched:
      - @ConditionalOnMissingBean (types: org.springframework.jmx.export.MBeanExporter; SearchStrategy: current) did not find any beans (OnBeanCondition)

   JmxAutoConfiguration#mbeanServer matched:
      - @ConditionalOnMissingBean (types: javax.management.MBeanServer; SearchStrategy: all) did not find any beans (OnBeanCondition)

   JmxAutoConfiguration#objectNamingStrategy matched:
      - @ConditionalOnMissingBean (types: org.springframework.jmx.export.naming.ObjectNamingStrategy; SearchStrategy: current) did not find any beans (OnBeanCondition)

   LifecycleAutoConfiguration#defaultLifecycleProcessor matched:
      - @ConditionalOnMissingBean (names: lifecycleProcessor; SearchStrategy: current) did not find any beans (OnBeanCondition)

   NoOpCacheConfiguration matched:
      - Cache org.springframework.boot.autoconfigure.cache.NoOpCacheConfiguration automatic cache type (CacheCondition)

   PropertyPlaceholderAutoConfiguration#propertySourcesPlaceholderConfigurer matched:
      - @ConditionalOnMissingBean (types: org.springframework.context.support.PropertySourcesPlaceholderConfigurer; SearchStrategy: current) did not find any beans (OnBeanCondition)

   SimpleCacheConfiguration matched:
      - Cache org.springframework.boot.autoconfigure.cache.SimpleCacheConfiguration automatic cache type (CacheCondition)

   SpringApplicationAdminJmxAutoConfiguration matched:
      - @ConditionalOnProperty (spring.application.admin.enabled=true) matched (OnPropertyCondition)

   SpringApplicationAdminJmxAutoConfiguration#springApplicationAdminRegistrar matched:
      - @ConditionalOnMissingBean (types: org.springframework.boot.admin.SpringApplicationAdminMXBeanRegistrar; SearchStrategy: all) did not find any beans (OnBeanCondition)

   TaskExecutionAutoConfiguration matched:
      - @ConditionalOnClass found required class 'org.springframework.scheduling.concurrent.ThreadPoolTaskExecutor' (OnClassCondition)

   TaskExecutionAutoConfiguration#applicationTaskExecutor matched:
      - @ConditionalOnMissingBean (types: java.util.concurrent.Executor; SearchStrategy: all) did not find any beans (OnBeanCondition)

   TaskExecutionAutoConfiguration#taskExecutorBuilder matched:
      - @ConditionalOnMissingBean (types: org.springframework.boot.task.TaskExecutorBuilder; SearchStrategy: all) did not find any beans (OnBeanCondition)

   TaskSchedulingAutoConfiguration matched:
      - @ConditionalOnClass found required class 'org.springframework.scheduling.concurrent.ThreadPoolTaskScheduler' (OnClassCondition)

   TaskSchedulingAutoConfiguration#taskSchedulerBuilder matched:
      - @ConditionalOnMissingBean (types: org.springframework.boot.task.TaskSchedulerBuilder; SearchStrategy: all) did not find any beans (OnBeanCondition)


Negative matches:
-----------------

   ActiveMQAutoConfiguration:
      Did not match:
         - @ConditionalOnClass did not find required class 'javax.jms.ConnectionFactory' (OnClassCondition)

   AopAutoConfiguration.AspectJAutoProxyingConfiguration:
      Did not match:
         - @ConditionalOnClass did not find required class 'org.aspectj.weaver.Advice' (OnClassCondition)

   ArtemisAutoConfiguration:
      Did not match:
         - @ConditionalOnClass did not find required class 'javax.jms.ConnectionFactory' (OnClassCondition)

   BatchAutoConfiguration:
      Did not match:
         - @ConditionalOnClass did not find required class 'org.springframework.batch.core.launch.JobLauncher' (OnClassCondition)

   CacheAutoConfiguration:
      Did not match:
         - @ConditionalOnBean (types: org.springframework.cache.interceptor.CacheAspectSupport; SearchStrategy: all) did not find any beans of type org.springframework.cache.interceptor.CacheAspectSupport (OnBeanCondition)
      Matched:
         - @ConditionalOnClass found required class 'org.springframework.cache.CacheManager' (OnClassCondition)

   CacheAutoConfiguration.CacheManagerEntityManagerFactoryDependsOnPostProcessor:
      Did not match:
         - @ConditionalOnClass did not find required class 'org.springframework.orm.jpa.LocalContainerEntityManagerFactoryBean' (OnClassCondition)
         - Ancestor org.springframework.boot.autoconfigure.cache.CacheAutoConfiguration did not match (ConditionEvaluationReport.AncestorsMatchedCondition)

   CaffeineCacheConfiguration:
      Did not match:
         - @ConditionalOnClass did not find required class 'com.github.benmanes.caffeine.cache.Caffeine' (OnClassCondition)

   CassandraAutoConfiguration:
      Did not match:
         - @ConditionalOnClass did not find required class 'com.datastax.oss.driver.api.core.CqlSession' (OnClassCondition)

   CassandraDataAutoConfiguration:
      Did not match:
         - @ConditionalOnClass did not find required class 'com.datastax.oss.driver.api.core.CqlSession' (OnClassCondition)

   CassandraReactiveDataAutoConfiguration:
      Did not match:
         - @ConditionalOnClass did not find required class 'com.datastax.oss.driver.api.core.CqlSession' (OnClassCondition)

   CassandraReactiveRepositoriesAutoConfiguration:
      Did not match:
         - @ConditionalOnClass did not find required class 'org.springframework.data.cassandra.ReactiveSession' (OnClassCondition)

   CassandraRepositoriesAutoConfiguration:
      Did not match:
         - @ConditionalOnClass did not find required class 'com.datastax.oss.driver.api.core.CqlSession' (OnClassCondition)

   ClientHttpConnectorAutoConfiguration:
      Did not match:
         - @ConditionalOnClass did not find required class 'org.springframework.web.reactive.function.client.WebClient' (OnClassCondition)

   CodecsAutoConfiguration:
      Did not match:
         - @ConditionalOnClass did not find required class 'org.springframework.http.codec.CodecConfigurer' (OnClassCondition)

   CouchbaseAutoConfiguration:
      Did not match:
         - @ConditionalOnClass did not find required class 'com.couchbase.client.java.Cluster' (OnClassCondition)

   CouchbaseCacheConfiguration:
      Did not match:
         - @ConditionalOnClass did not find required class 'com.couchbase.client.java.Cluster' (OnClassCondition)

   CouchbaseDataAutoConfiguration:
      Did not match:
         - @ConditionalOnClass did not find required class 'com.couchbase.client.java.Bucket' (OnClassCondition)

   CouchbaseReactiveDataAutoConfiguration:
      Did not match:
         - @ConditionalOnClass did not find required class 'com.couchbase.client.java.Cluster' (OnClassCondition)

   CouchbaseReactiveRepositoriesAutoConfiguration:
      Did not match:
         - @ConditionalOnClass did not find required class 'com.couchbase.client.java.Cluster' (OnClassCondition)

   CouchbaseRepositoriesAutoConfiguration:
      Did not match:
         - @ConditionalOnClass did not find required class 'com.couchbase.client.java.Bucket' (OnClassCondition)

   DataSourceAutoConfiguration:
      Did not match:
         - @ConditionalOnClass did not find required class 'org.springframework.jdbc.datasource.embedded.EmbeddedDatabaseType' (OnClassCondition)

   DataSourceTransactionManagerAutoConfiguration:
      Did not match:
         - @ConditionalOnClass did not find required class 'org.springframework.jdbc.core.JdbcTemplate' (OnClassCondition)

   DispatcherServletAutoConfiguration:
      Did not match:
         - @ConditionalOnClass did not find required class 'org.springframework.web.servlet.DispatcherServlet' (OnClassCondition)

   EhCacheCacheConfiguration:
      Did not match:
         - @ConditionalOnClass did not find required class 'net.sf.ehcache.Cache' (OnClassCondition)

   ElasticsearchDataAutoConfiguration:
      Did not match:
         - @ConditionalOnClass did not find required class 'org.springframework.data.elasticsearch.core.ElasticsearchRestTemplate' (OnClassCondition)

   ElasticsearchRepositoriesAutoConfiguration:
      Did not match:
         - @ConditionalOnClass did not find required class 'org.elasticsearch.client.Client' (OnClassCondition)

   ElasticsearchRestClientAutoConfiguration:
      Did not match:
         - @ConditionalOnClass did not find required class 'org.elasticsearch.client.RestHighLevelClient' (OnClassCondition)

   EmbeddedLdapAutoConfiguration:
      Did not match:
         - @ConditionalOnClass did not find required class 'com.unboundid.ldap.listener.InMemoryDirectoryServer' (OnClassCondition)

   EmbeddedMongoAutoConfiguration:
      Did not match:
         - @ConditionalOnClass did not find required class 'com.mongodb.MongoClientSettings' (OnClassCondition)

   EmbeddedWebServerFactoryCustomizerAutoConfiguration:
      Did not match:
         - @ConditionalOnWebApplication did not find reactive or servlet web application classes (OnWebApplicationCondition)

   ErrorMvcAutoConfiguration:
      Did not match:
         - @ConditionalOnClass did not find required class 'javax.servlet.Servlet' (OnClassCondition)

   ErrorWebFluxAutoConfiguration:
      Did not match:
         - @ConditionalOnClass did not find required class 'org.springframework.web.reactive.config.WebFluxConfigurer' (OnClassCondition)

   FlywayAutoConfiguration:
      Did not match:
         - @ConditionalOnClass did not find required class 'org.flywaydb.core.Flyway' (OnClassCondition)

   FreeMarkerAutoConfiguration:
      Did not match:
         - @ConditionalOnClass did not find required class 'freemarker.template.Configuration' (OnClassCondition)

   GroovyTemplateAutoConfiguration:
      Did not match:
         - @ConditionalOnClass did not find required class 'groovy.text.markup.MarkupTemplateEngine' (OnClassCondition)

   GsonAutoConfiguration:
      Did not match:
         - @ConditionalOnClass did not find required class 'com.google.gson.Gson' (OnClassCondition)

   H2ConsoleAutoConfiguration:
      Did not match:
         - @ConditionalOnClass did not find required class 'org.h2.server.web.WebServlet' (OnClassCondition)

   HazelcastAutoConfiguration:
      Did not match:
         - @ConditionalOnClass did not find required class 'com.hazelcast.core.HazelcastInstance' (OnClassCondition)

   HazelcastCacheConfiguration:
      Did not match:
         - @ConditionalOnClass did not find required class 'com.hazelcast.core.HazelcastInstance' (OnClassCondition)

   HazelcastJpaDependencyAutoConfiguration:
      Did not match:
         - @ConditionalOnClass did not find required class 'com.hazelcast.core.HazelcastInstance' (OnClassCondition)

   HibernateJpaAutoConfiguration:
      Did not match:
         - @ConditionalOnClass did not find required class 'javax.persistence.EntityManager' (OnClassCondition)

   HttpEncodingAutoConfiguration:
      Did not match:
         - @ConditionalOnClass did not find required class 'org.springframework.web.filter.CharacterEncodingFilter' (OnClassCondition)

   HttpHandlerAutoConfiguration:
      Did not match:
         - @ConditionalOnClass did not find required class 'org.springframework.http.server.reactive.HttpHandler' (OnClassCondition)

   HttpMessageConvertersAutoConfiguration:
      Did not match:
         - @ConditionalOnClass did not find required class 'org.springframework.http.converter.HttpMessageConverter' (OnClassCondition)

   HypermediaAutoConfiguration:
      Did not match:
         - @ConditionalOnClass did not find required class 'org.springframework.hateoas.EntityModel' (OnClassCondition)

   InfinispanCacheConfiguration:
      Did not match:
         - @ConditionalOnClass did not find required class 'org.infinispan.spring.embedded.provider.SpringEmbeddedCacheManager' (OnClassCondition)

   InfluxDbAutoConfiguration:
      Did not match:
         - @ConditionalOnClass did not find required class 'org.influxdb.InfluxDB' (OnClassCondition)

   IntegrationAutoConfiguration:
      Did not match:
         - @ConditionalOnClass did not find required class 'org.springframework.integration.config.EnableIntegration' (OnClassCondition)

   JCacheCacheConfiguration:
      Did not match:
         - @ConditionalOnClass did not find required class 'javax.cache.Caching' (OnClassCondition)

   JacksonAutoConfiguration.Jackson2ObjectMapperBuilderCustomizerConfiguration:
      Did not match:
         - @ConditionalOnClass did not find required class 'org.springframework.http.converter.json.Jackson2ObjectMapperBuilder' (OnClassCondition)

   JacksonAutoConfiguration.JacksonObjectMapperBuilderConfiguration:
      Did not match:
         - @ConditionalOnClass did not find required class 'org.springframework.http.converter.json.Jackson2ObjectMapperBuilder' (OnClassCondition)

   JacksonAutoConfiguration.JacksonObjectMapperConfiguration:
      Did not match:
         - @ConditionalOnClass did not find required class 'org.springframework.http.converter.json.Jackson2ObjectMapperBuilder' (OnClassCondition)

   JacksonAutoConfiguration.ParameterNamesModuleConfiguration:
      Did not match:
         - @ConditionalOnClass did not find required class 'com.fasterxml.jackson.module.paramnames.ParameterNamesModule' (OnClassCondition)

   JdbcRepositoriesAutoConfiguration:
      Did not match:
         - @ConditionalOnClass did not find required class 'org.springframework.data.jdbc.repository.config.AbstractJdbcConfiguration' (OnClassCondition)

   JdbcTemplateAutoConfiguration:
      Did not match:
         - @ConditionalOnClass did not find required class 'org.springframework.jdbc.core.JdbcTemplate' (OnClassCondition)

   JerseyAutoConfiguration:
      Did not match:
         - @ConditionalOnClass did not find required class 'javax.servlet.ServletRegistration' (OnClassCondition)

   JmsAutoConfiguration:
      Did not match:
         - @ConditionalOnClass did not find required class 'javax.jms.Message' (OnClassCondition)

   JndiConnectionFactoryAutoConfiguration:
      Did not match:
         - @ConditionalOnClass did not find required class 'org.springframework.jms.core.JmsTemplate' (OnClassCondition)

   JndiDataSourceAutoConfiguration:
      Did not match:
         - @ConditionalOnClass did not find required class 'org.springframework.jdbc.datasource.embedded.EmbeddedDatabaseType' (OnClassCondition)

   JooqAutoConfiguration:
      Did not match:
         - @ConditionalOnClass did not find required class 'org.jooq.DSLContext' (OnClassCondition)

   JpaRepositoriesAutoConfiguration:
      Did not match:
         - @ConditionalOnClass did not find required class 'org.springframework.data.jpa.repository.JpaRepository' (OnClassCondition)

   JsonbAutoConfiguration:
      Did not match:
         - @ConditionalOnClass did not find required class 'javax.json.bind.Jsonb' (OnClassCondition)

   JtaAutoConfiguration:
      Did not match:
         - @ConditionalOnClass did not find required class 'javax.transaction.Transaction' (OnClassCondition)

   KafkaAutoConfiguration:
      Did not match:
         - @ConditionalOnClass did not find required class 'org.springframework.kafka.core.KafkaTemplate' (OnClassCondition)

   LdapAutoConfiguration:
      Did not match:
         - @ConditionalOnClass did not find required class 'org.springframework.ldap.core.ContextSource' (OnClassCondition)

   LdapRepositoriesAutoConfiguration:
      Did not match:
         - @ConditionalOnClass did not find required class 'org.springframework.data.ldap.repository.LdapRepository' (OnClassCondition)

   LiquibaseAutoConfiguration:
      Did not match:
         - @ConditionalOnClass did not find required class 'liquibase.change.DatabaseChange' (OnClassCondition)

   MailSenderAutoConfiguration:
      Did not match:
         - @ConditionalOnClass did not find required class 'org.springframework.mail.MailSender' (OnClassCondition)

   MailSenderValidatorAutoConfiguration:
      Did not match:
         - @ConditionalOnSingleCandidate did not find required type 'org.springframework.mail.javamail.JavaMailSenderImpl' (OnBeanCondition)

   MessageSourceAutoConfiguration:
      Did not match:
         - ResourceBundle did not find bundle with basename messages (MessageSourceAutoConfiguration.ResourceBundleCondition)

   MongoAutoConfiguration:
      Did not match:
         - @ConditionalOnClass did not find required class 'com.mongodb.client.MongoClient' (OnClassCondition)

   MongoDataAutoConfiguration:
      Did not match:
         - @ConditionalOnClass did not find required class 'com.mongodb.client.MongoClient' (OnClassCondition)

   MongoReactiveAutoConfiguration:
      Did not match:
         - @ConditionalOnClass did not find required class 'com.mongodb.reactivestreams.client.MongoClient' (OnClassCondition)

   MongoReactiveDataAutoConfiguration:
      Did not match:
         - @ConditionalOnClass did not find required class 'com.mongodb.reactivestreams.client.MongoClient' (OnClassCondition)

   MongoReactiveRepositoriesAutoConfiguration:
      Did not match:
         - @ConditionalOnClass did not find required class 'com.mongodb.reactivestreams.client.MongoClient' (OnClassCondition)

   MongoRepositoriesAutoConfiguration:
      Did not match:
         - @ConditionalOnClass did not find required class 'com.mongodb.client.MongoClient' (OnClassCondition)

   MultipartAutoConfiguration:
      Did not match:
         - @ConditionalOnClass did not find required class 'javax.servlet.MultipartConfigElement' (OnClassCondition)

   MustacheAutoConfiguration:
      Did not match:
         - @ConditionalOnClass did not find required class 'com.samskivert.mustache.Mustache' (OnClassCondition)

   Neo4jAutoConfiguration:
      Did not match:
         - @ConditionalOnClass did not find required class 'org.neo4j.driver.Driver' (OnClassCondition)

   Neo4jDataAutoConfiguration:
      Did not match:
         - @ConditionalOnClass did not find required class 'org.neo4j.driver.Driver' (OnClassCondition)

   Neo4jReactiveDataAutoConfiguration:
      Did not match:
         - @ConditionalOnClass did not find required class 'org.neo4j.driver.Driver' (OnClassCondition)

   Neo4jReactiveRepositoriesAutoConfiguration:
      Did not match:
         - @ConditionalOnClass did not find required class 'org.neo4j.driver.Driver' (OnClassCondition)

   Neo4jRepositoriesAutoConfiguration:
      Did not match:
         - @ConditionalOnClass did not find required class 'org.neo4j.driver.Driver' (OnClassCondition)

   OAuth2ClientAutoConfiguration:
      Did not match:
         - @ConditionalOnClass did not find required class 'org.springframework.security.config.annotation.web.configuration.EnableWebSecurity' (OnClassCondition)

   OAuth2ResourceServerAutoConfiguration:
      Did not match:
         - @ConditionalOnClass did not find required class 'org.springframework.security.oauth2.server.resource.BearerTokenAuthenticationToken' (OnClassCondition)

   PersistenceExceptionTranslationAutoConfiguration:
      Did not match:
         - @ConditionalOnClass did not find required class 'org.springframework.dao.annotation.PersistenceExceptionTranslationPostProcessor' (OnClassCondition)

   ProjectInfoAutoConfiguration#buildProperties:
      Did not match:
         - @ConditionalOnResource did not find resource '${spring.info.build.location:classpath:META-INF/build-info.properties}' (OnResourceCondition)

   ProjectInfoAutoConfiguration#gitProperties:
      Did not match:
         - GitResource did not find git info at classpath:git.properties (ProjectInfoAutoConfiguration.GitResourceAvailableCondition)

   QuartzAutoConfiguration:
      Did not match:
         - @ConditionalOnClass did not find required class 'org.quartz.Scheduler' (OnClassCondition)

   R2dbcAutoConfiguration:
      Did not match:
         - @ConditionalOnClass did not find required class 'io.r2dbc.spi.ConnectionFactory' (OnClassCondition)

   R2dbcDataAutoConfiguration:
      Did not match:
         - @ConditionalOnClass did not find required class 'org.springframework.data.r2dbc.core.R2dbcEntityTemplate' (OnClassCondition)

   R2dbcRepositoriesAutoConfiguration:
      Did not match:
         - @ConditionalOnClass did not find required class 'io.r2dbc.spi.ConnectionFactory' (OnClassCondition)

   R2dbcTransactionManagerAutoConfiguration:
      Did not match:
         - @ConditionalOnClass did not find required class 'org.springframework.r2dbc.connection.R2dbcTransactionManager' (OnClassCondition)

   RSocketMessagingAutoConfiguration:
      Did not match:
         - @ConditionalOnClass did not find required class 'io.rsocket.RSocket' (OnClassCondition)

   RSocketRequesterAutoConfiguration:
      Did not match:
         - @ConditionalOnClass did not find required class 'io.rsocket.RSocket' (OnClassCondition)

   RSocketSecurityAutoConfiguration:
      Did not match:
         - @ConditionalOnClass did not find required class 'org.springframework.security.rsocket.core.SecuritySocketAcceptorInterceptor' (OnClassCondition)

   RSocketServerAutoConfiguration:
      Did not match:
         - @ConditionalOnClass did not find required class 'io.rsocket.core.RSocketServer' (OnClassCondition)

   RSocketStrategiesAutoConfiguration:
      Did not match:
         - @ConditionalOnClass did not find required class 'io.netty.buffer.PooledByteBufAllocator' (OnClassCondition)

   RabbitAutoConfiguration:
      Did not match:
         - @ConditionalOnClass did not find required class 'com.rabbitmq.client.Channel' (OnClassCondition)

   ReactiveElasticsearchRepositoriesAutoConfiguration:
      Did not match:
         - @ConditionalOnClass did not find required class 'org.springframework.data.elasticsearch.client.reactive.ReactiveElasticsearchClient' (OnClassCondition)

   ReactiveElasticsearchRestClientAutoConfiguration:
      Did not match:
         - @ConditionalOnClass did not find required class 'reactor.netty.http.client.HttpClient' (OnClassCondition)

   ReactiveOAuth2ClientAutoConfiguration:
      Did not match:
         - @ConditionalOnClass did not find required class 'reactor.core.publisher.Flux' (OnClassCondition)

   ReactiveOAuth2ResourceServerAutoConfiguration:
      Did not match:
         - @ConditionalOnClass did not find required class 'org.springframework.security.config.annotation.web.reactive.EnableWebFluxSecurity' (OnClassCondition)

   ReactiveSecurityAutoConfiguration:
      Did not match:
         - @ConditionalOnClass did not find required class 'reactor.core.publisher.Flux' (OnClassCondition)

   ReactiveUserDetailsServiceAutoConfiguration:
      Did not match:
         - @ConditionalOnClass did not find required class 'org.springframework.security.authentication.ReactiveAuthenticationManager' (OnClassCondition)

   ReactiveWebServerFactoryAutoConfiguration:
      Did not match:
         - @ConditionalOnClass did not find required class 'org.springframework.http.ReactiveHttpInputMessage' (OnClassCondition)

   RedisAutoConfiguration:
      Did not match:
         - @ConditionalOnClass did not find required class 'org.springframework.data.redis.core.RedisOperations' (OnClassCondition)

   RedisCacheConfiguration:
      Did not match:
         - @ConditionalOnClass did not find required class 'org.springframework.data.redis.connection.RedisConnectionFactory' (OnClassCondition)

   RedisReactiveAutoConfiguration:
      Did not match:
         - @ConditionalOnClass did not find required class 'reactor.core.publisher.Flux' (OnClassCondition)

   RedisRepositoriesAutoConfiguration:
      Did not match:
         - @ConditionalOnClass did not find required class 'org.springframework.data.redis.repository.configuration.EnableRedisRepositories' (OnClassCondition)

   RepositoryRestMvcAutoConfiguration:
      Did not match:
         - @ConditionalOnClass did not find required class 'org.springframework.data.rest.webmvc.config.RepositoryRestMvcConfiguration' (OnClassCondition)

   RestTemplateAutoConfiguration:
      Did not match:
         - @ConditionalOnClass did not find required class 'org.springframework.web.client.RestTemplate' (OnClassCondition)

   Saml2RelyingPartyAutoConfiguration:
      Did not match:
         - @ConditionalOnClass did not find required class 'org.springframework.security.saml2.provider.service.registration.RelyingPartyRegistrationRepository' (OnClassCondition)

   SecurityAutoConfiguration:
      Did not match:
         - @ConditionalOnClass did not find required class 'org.springframework.security.authentication.DefaultAuthenticationEventPublisher' (OnClassCondition)

   SecurityFilterAutoConfiguration:
      Did not match:
         - @ConditionalOnClass did not find required class 'org.springframework.security.config.http.SessionCreationPolicy' (OnClassCondition)

   SendGridAutoConfiguration:
      Did not match:
         - @ConditionalOnClass did not find required class 'com.sendgrid.SendGrid' (OnClassCondition)

   ServletWebServerFactoryAutoConfiguration:
      Did not match:
         - @ConditionalOnClass did not find required class 'javax.servlet.ServletRequest' (OnClassCondition)

   SessionAutoConfiguration:
      Did not match:
         - @ConditionalOnClass did not find required class 'org.springframework.session.Session' (OnClassCondition)

   SolrAutoConfiguration:
      Did not match:
         - @ConditionalOnClass did not find required class 'org.apache.solr.client.solrj.impl.CloudSolrClient' (OnClassCondition)

   SolrRepositoriesAutoConfiguration:
      Did not match:
         - @ConditionalOnClass did not find required class 'org.apache.solr.client.solrj.SolrClient' (OnClassCondition)

   SpringDataWebAutoConfiguration:
      Did not match:
         - @ConditionalOnClass did not find required class 'org.springframework.data.web.PageableHandlerMethodArgumentResolver' (OnClassCondition)

   TaskSchedulingAutoConfiguration#taskScheduler:
      Did not match:
         - @ConditionalOnBean (names: org.springframework.context.annotation.internalScheduledAnnotationProcessor; SearchStrategy: all) did not find any beans named org.springframework.context.annotation.internalScheduledAnnotationProcessor (OnBeanCondition)

   ThymeleafAutoConfiguration:
      Did not match:
         - @ConditionalOnClass did not find required class 'org.thymeleaf.spring5.SpringTemplateEngine' (OnClassCondition)

   TransactionAutoConfiguration:
      Did not match:
         - @ConditionalOnClass did not find required class 'org.springframework.transaction.PlatformTransactionManager' (OnClassCondition)

   UserDetailsServiceAutoConfiguration:
      Did not match:
         - @ConditionalOnClass did not find required class 'org.springframework.security.authentication.AuthenticationManager' (OnClassCondition)

   ValidationAutoConfiguration:
      Did not match:
         - @ConditionalOnClass did not find required class 'javax.validation.executable.ExecutableValidator' (OnClassCondition)

   WebClientAutoConfiguration:
      Did not match:
         - @ConditionalOnClass did not find required class 'org.springframework.web.reactive.function.client.WebClient' (OnClassCondition)

   WebFluxAutoConfiguration:
      Did not match:
         - @ConditionalOnClass did not find required class 'org.springframework.web.reactive.config.WebFluxConfigurer' (OnClassCondition)

   WebMvcAutoConfiguration:
      Did not match:
         - @ConditionalOnClass did not find required class 'javax.servlet.Servlet' (OnClassCondition)

   WebServiceTemplateAutoConfiguration:
      Did not match:
         - @ConditionalOnClass did not find required class 'org.springframework.oxm.Marshaller' (OnClassCondition)

   WebServicesAutoConfiguration:
      Did not match:
         - @ConditionalOnClass did not find required class 'org.springframework.ws.transport.http.MessageDispatcherServlet' (OnClassCondition)

   WebSocketMessagingAutoConfiguration:
      Did not match:
         - @ConditionalOnClass did not find required class 'org.springframework.web.socket.config.annotation.WebSocketMessageBrokerConfigurer' (OnClassCondition)

   WebSocketReactiveAutoConfiguration:
      Did not match:
         - @ConditionalOnClass did not find required class 'javax.servlet.Servlet' (OnClassCondition)

   WebSocketServletAutoConfiguration:
      Did not match:
         - @ConditionalOnClass did not find required class 'javax.servlet.Servlet' (OnClassCondition)

   XADataSourceAutoConfiguration:
      Did not match:
         - @ConditionalOnClass did not find required class 'javax.transaction.TransactionManager' (OnClassCondition)


Exclusions:
-----------

    None


Unconditional classes:
----------------------

    org.springframework.boot.autoconfigure.context.ConfigurationPropertiesAutoConfiguration

    org.springframework.boot.autoconfigure.context.LifecycleAutoConfiguration

    org.springframework.boot.autoconfigure.context.PropertyPlaceholderAutoConfiguration

    org.springframework.boot.autoconfigure.availability.ApplicationAvailabilityAutoConfiguration

    org.springframework.boot.autoconfigure.info.ProjectInfoAutoConfiguration



2021-06-12 22:23:57,457 INFO o.s.b.StartupInfoLogger [main] Started App in 1.657 seconds (JVM running for 2.753)
2021-06-12 22:23:57,459 INFO d.g.c.App [main] Starting CAS Scheduler
2021-06-12 22:23:57,460 INFO d.g.c.App [main] Extract lectures: true
2021-06-12 22:23:57,460 INFO d.g.c.App [main] Extract modules: true
2021-06-12 22:23:57,460 INFO d.g.c.App [main] Extracting lectures
2021-06-12 22:23:57,460 INFO d.g.c.s.l.LectureOrchestratorService [main] orchestrate()
2021-06-12 22:23:57,462 INFO d.g.c.s.l.p.AbstractLecturePdfReaderService [main] readPdf(): page index null of M_W_Lehrveranstaltungen.pdf
2021-06-12 22:23:57,462 INFO d.g.c.s.l.p.AbstractLecturePdfReaderService [ForkJoinPool.commonPool-worker-3] readPdf(): page index null of M_T_Lehrveranstaltungen.pdf
2021-06-12 22:23:57,467 INFO d.g.c.s.l.p.w.WirtschaftLecturePdfReaderService [main] processPage(): org.apache.pdfbox.pdmodel.PDPage@6bbe50c9
2021-06-12 22:23:57,467 INFO d.g.c.s.l.p.w.WirtschaftLecturePdfReaderService [ForkJoinPool.commonPool-worker-7] processPage(): org.apache.pdfbox.pdmodel.PDPage@68d960a7
2021-06-12 22:23:57,467 INFO d.g.c.s.l.p.w.WirtschaftLecturePdfReaderService [ForkJoinPool.commonPool-worker-5] processPage(): org.apache.pdfbox.pdmodel.PDPage@599b6456
2021-06-12 22:23:57,468 INFO d.g.c.s.l.p.t.TechnikLecturePdfReaderService [ForkJoinPool.commonPool-worker-11] processPage(): org.apache.pdfbox.pdmodel.PDPage@3ac15b4
2021-06-12 22:23:57,467 INFO d.g.c.s.l.p.t.TechnikLecturePdfReaderService [ForkJoinPool.commonPool-worker-9] processPage(): org.apache.pdfbox.pdmodel.PDPage@19c38650
2021-06-12 22:23:57,468 INFO d.g.c.s.l.p.CasLecturePdfTextStripper [main] stripLectures(): page org.apache.pdfbox.pdmodel.PDPage@6bbe50c9 for faculty WIRTSCHAFT
2021-06-12 22:23:57,468 INFO d.g.c.s.l.p.CasLecturePdfTextStripper [ForkJoinPool.commonPool-worker-7] stripLectures(): page org.apache.pdfbox.pdmodel.PDPage@68d960a7 for faculty WIRTSCHAFT
2021-06-12 22:23:57,468 INFO d.g.c.s.l.p.CasLecturePdfTextStripper [ForkJoinPool.commonPool-worker-5] stripLectures(): page org.apache.pdfbox.pdmodel.PDPage@599b6456 for faculty WIRTSCHAFT
2021-06-12 22:23:57,468 INFO d.g.c.s.l.p.t.TechnikLecturePdfReaderService [ForkJoinPool.commonPool-worker-13] processPage(): org.apache.pdfbox.pdmodel.PDPage@3271ccf7
2021-06-12 22:23:57,469 INFO d.g.c.s.l.p.CasLecturePdfTextStripper [ForkJoinPool.commonPool-worker-9] stripLectures(): page org.apache.pdfbox.pdmodel.PDPage@19c38650 for faculty TECHNIK
2021-06-12 22:23:57,469 INFO d.g.c.s.l.p.CasLecturePdfTextStripper [ForkJoinPool.commonPool-worker-11] stripLectures(): page org.apache.pdfbox.pdmodel.PDPage@3ac15b4 for faculty TECHNIK
2021-06-12 22:23:57,469 INFO d.g.c.s.l.p.t.TechnikLecturePdfReaderService [ForkJoinPool.commonPool-worker-3] processPage(): org.apache.pdfbox.pdmodel.PDPage@4c31c685
2021-06-12 22:23:57,468 INFO d.g.c.s.l.p.t.TechnikLecturePdfReaderService [ForkJoinPool.commonPool-worker-15] processPage(): org.apache.pdfbox.pdmodel.PDPage@4fee60cb
2021-06-12 22:23:57,469 INFO d.g.c.s.l.p.CasLecturePdfTextStripper [ForkJoinPool.commonPool-worker-15] stripLectures(): page org.apache.pdfbox.pdmodel.PDPage@4fee60cb for faculty TECHNIK
2021-06-12 22:23:57,469 INFO d.g.c.s.l.p.CasLecturePdfTextStripper [ForkJoinPool.commonPool-worker-3] stripLectures(): page org.apache.pdfbox.pdmodel.PDPage@4c31c685 for faculty TECHNIK
2021-06-12 22:23:57,469 INFO d.g.c.s.l.p.CasLecturePdfTextStripper [ForkJoinPool.commonPool-worker-13] stripLectures(): page org.apache.pdfbox.pdmodel.PDPage@3271ccf7 for faculty TECHNIK
2021-06-12 22:23:57,473 INFO d.g.c.s.l.p.CasLecturePdfPageTextStripper [ForkJoinPool.commonPool-worker-5] Stripping page for faculty WIRTSCHAFT
2021-06-12 22:23:57,473 INFO d.g.c.s.l.p.CasLecturePdfPageTextStripper [ForkJoinPool.commonPool-worker-11] Stripping page for faculty TECHNIK
2021-06-12 22:23:57,473 INFO d.g.c.s.l.p.CasLecturePdfPageTextStripper [ForkJoinPool.commonPool-worker-9] Stripping page for faculty TECHNIK
2021-06-12 22:23:57,473 INFO d.g.c.s.l.p.CasLecturePdfPageTextStripper [ForkJoinPool.commonPool-worker-13] Stripping page for faculty TECHNIK
2021-06-12 22:23:57,473 INFO d.g.c.s.l.p.CasLecturePdfPageTextStripper [main] Stripping page for faculty WIRTSCHAFT
2021-06-12 22:23:57,474 INFO d.g.c.s.l.p.CasLecturePdfPageTextStripper [ForkJoinPool.commonPool-worker-7] Stripping page for faculty WIRTSCHAFT
2021-06-12 22:23:57,475 INFO d.g.c.s.l.p.CasLecturePdfPageTextStripper [ForkJoinPool.commonPool-worker-3] Stripping page for faculty TECHNIK
2021-06-12 22:23:57,476 INFO d.g.c.s.l.p.CasLecturePdfPageTextStripper [ForkJoinPool.commonPool-worker-15] Stripping page for faculty TECHNIK
2021-06-12 22:26:25,780 INFO d.g.c.s.l.p.CasLecturePdfTextStripper [ForkJoinPool.commonPool-worker-7] stripped 610 lectures from page org.apache.pdfbox.pdmodel.PDPage@68d960a7 for faculty WIRTSCHAFT
2021-06-12 22:26:26,536 INFO d.g.c.s.l.p.CasLecturePdfTextStripper [main] stripped 610 lectures from page org.apache.pdfbox.pdmodel.PDPage@6bbe50c9 for faculty WIRTSCHAFT
2021-06-12 22:26:34,338 INFO d.g.c.s.l.p.CasLecturePdfTextStripper [ForkJoinPool.commonPool-worker-5] stripped 610 lectures from page org.apache.pdfbox.pdmodel.PDPage@599b6456 for faculty WIRTSCHAFT
2021-06-12 22:26:34,342 INFO d.g.c.s.l.p.AbstractLecturePdfReaderService [main] extractLectures(): page index null. Read 187 lectures
2021-06-12 22:26:34,343 INFO d.g.c.s.l.p.AbstractLecturePdfReaderService [main] closeDocument(): M_W_Lehrveranstaltungen.pdf
2021-06-12 22:26:37,373 INFO d.g.c.s.l.p.CasLecturePdfTextStripper [ForkJoinPool.commonPool-worker-3] stripped 610 lectures from page org.apache.pdfbox.pdmodel.PDPage@4c31c685 for faculty TECHNIK
2021-06-12 22:27:51,040 INFO d.g.c.s.l.p.CasLecturePdfTextStripper [ForkJoinPool.commonPool-worker-15] stripped 610 lectures from page org.apache.pdfbox.pdmodel.PDPage@4fee60cb for faculty TECHNIK
2021-06-12 22:27:56,799 INFO d.g.c.s.l.p.CasLecturePdfTextStripper [ForkJoinPool.commonPool-worker-11] stripped 610 lectures from page org.apache.pdfbox.pdmodel.PDPage@3ac15b4 for faculty TECHNIK
2021-06-12 22:28:11,525 INFO d.g.c.s.l.p.CasLecturePdfTextStripper [ForkJoinPool.commonPool-worker-9] stripped 610 lectures from page org.apache.pdfbox.pdmodel.PDPage@19c38650 for faculty TECHNIK
2021-06-12 22:28:25,896 INFO d.g.c.s.l.p.CasLecturePdfTextStripper [ForkJoinPool.commonPool-worker-13] stripped 610 lectures from page org.apache.pdfbox.pdmodel.PDPage@3271ccf7 for faculty TECHNIK
2021-06-12 22:28:25,899 INFO d.g.c.s.l.p.AbstractLecturePdfReaderService [ForkJoinPool.commonPool-worker-3] extractLectures(): page index null. Read 274 lectures
2021-06-12 22:28:25,899 INFO d.g.c.s.l.p.AbstractLecturePdfReaderService [ForkJoinPool.commonPool-worker-3] closeDocument(): M_T_Lehrveranstaltungen.pdf
2021-06-12 22:28:25,903 INFO d.g.c.s.l.LectureOrchestratorService [main] Extracted 461 lectures
2021-06-12 22:28:25,961 INFO d.g.c.s.l.LectureOrchestratorService [main] Created 461 DAOs
2021-06-12 22:28:25,999 INFO d.g.c.s.l.LectureOrchestratorService [main] Written 461 DAOs to file: lectures/json/lectures.json
2021-06-12 22:28:26,377 INFO d.g.c.s.l.LectureOrchestratorService [main] Created 918 ics files
2021-06-12 22:28:26,378 INFO d.g.c.App [main] Extracting modules
2021-06-12 22:28:26,378 INFO d.g.c.s.m.ModuleOrchestratorService [main] orchestrate()
2021-06-12 22:28:26,378 INFO d.g.c.s.m.p.ModulesPdfReaderService [main] readPdf()
2021-06-12 22:28:26,378 INFO d.g.c.s.m.p.ModulePagesGroupingService [main] groupPdfPagesByModule(): org.apache.pdfbox.pdmodel.PDPageTree@3b4d50b
2021-06-12 22:28:32,516 INFO d.g.c.s.m.ModuleOrchestratorService [main] Extracted 152 modules
2021-06-12 22:28:32,526 INFO d.g.c.s.m.ModuleOrchestratorService [main] Extracted 152 valid modules
2021-06-12 22:28:32,534 INFO d.g.c.s.m.ModuleOrchestratorService [main] Extracted 0 invalid modules
2021-06-12 22:28:32,537 INFO d.g.c.s.m.ModuleOrchestratorService [main] Created 152 DAOs
2021-06-12 22:28:32,547 INFO d.g.c.s.m.ModuleOrchestratorService [main] Written 152 DAOs to file: modules/json/modules.json
2021-06-12 22:28:32,547 INFO d.g.c.App [main] Merging lectures and modules
2021-06-12 22:28:32,547 INFO d.g.c.s.m.LectureModuleMergeOrchestratorService [main] Orchestrate()
2021-06-12 22:28:32,548 INFO d.g.c.s.m.LectureModuleMergerService [main] Merging lectures and modules: Finding matching module for each lecture
2021-06-12 22:28:32,552 ERROR d.g.c.s.m.LectureModuleMergerService [main] Found no matching module for lecture code T3M32004: Einführung in die Konstruktionslehre I
2021-06-12 22:28:32,552 ERROR d.g.c.s.m.LectureModuleMergerService [main] Found no matching module for lecture code T3M32004: Einführung in die Konstruktionslehre I
2021-06-12 22:28:32,552 ERROR d.g.c.s.m.LectureModuleMergerService [main] Found no matching module for lecture code T3M32005: Einführung in die Fertigungstechnik
2021-06-12 22:28:32,553 ERROR d.g.c.s.m.LectureModuleMergerService [main] Found no matching module for lecture code T3M32005: Einführung in die Fertigungstechnik
2021-06-12 22:28:32,553 ERROR d.g.c.s.m.LectureModuleMergerService [main] Found no matching module for lecture code T3M32006: Einführung in die Werkstoffkunde
2021-06-12 22:28:32,553 ERROR d.g.c.s.m.LectureModuleMergerService [main] Found no matching module for lecture code T3M32006: Einführung in die Werkstoffkunde
2021-06-12 22:28:32,555 ERROR d.g.c.s.m.LectureModuleMergerService [main] Found no matching module for lecture code T3M32004: Einführung in die Konstruktionslehre I
2021-06-12 22:28:32,555 ERROR d.g.c.s.m.LectureModuleMergerService [main] Found no matching module for lecture code T3M32004: Einführung in die Konstruktionslehre I
2021-06-12 22:28:32,555 ERROR d.g.c.s.m.LectureModuleMergerService [main] Found no matching module for lecture code T3M32005: Einführung in die Fertigungstechnik
2021-06-12 22:28:32,555 ERROR d.g.c.s.m.LectureModuleMergerService [main] Found no matching module for lecture code T3M32005: Einführung in die Fertigungstechnik
2021-06-12 22:28:32,555 ERROR d.g.c.s.m.LectureModuleMergerService [main] Found no matching module for lecture code T3M32006: Einführung in die Werkstoffkunde
2021-06-12 22:28:32,555 ERROR d.g.c.s.m.LectureModuleMergerService [main] Found no matching module for lecture code T3M32006: Einführung in die Werkstoffkunde
2021-06-12 22:28:32,556 ERROR d.g.c.s.m.LectureModuleMergerService [main] Found no matching module for lecture code W3M10001: GM I: Anwendungsorientierte Forschung (ACS)
2021-06-12 22:28:32,556 ERROR d.g.c.s.m.LectureModuleMergerService [main] Found no matching module for lecture code W3M10001: GM I: Anwendungsorientierte Forschung (GBM - Gruppe A)
2021-06-12 22:28:32,556 ERROR d.g.c.s.m.LectureModuleMergerService [main] Found no matching module for lecture code W3M10001: GM I: Anwendungsorientierte Forschung (GBM - Gruppe B)
2021-06-12 22:28:32,557 ERROR d.g.c.s.m.LectureModuleMergerService [main] Found no matching module for lecture code W3M10001: GM I: Anwendungsorientierte Forschung (FIN)
2021-06-12 22:28:32,557 ERROR d.g.c.s.m.LectureModuleMergerService [main] Found no matching module for lecture code W3M10001: GM I: Anwendungsorientierte Forschung (FIN)
2021-06-12 22:28:32,557 ERROR d.g.c.s.m.LectureModuleMergerService [main] Found no matching module for lecture code W3M10001: GM I: Anwendungsorientierte Forschung (MKT, MDM, PO)
2021-06-12 22:28:32,557 ERROR d.g.c.s.m.LectureModuleMergerService [main] Found no matching module for lecture code W3M10001: GM I: Anwendungsorientierte Forschung (SLP)
2021-06-12 22:28:32,557 ERROR d.g.c.s.m.LectureModuleMergerService [main] Found no matching module for lecture code W3M10001: GM I: Anwendungsorientierte Forschung (Zertifikatsprogramm)
2021-06-12 22:28:32,557 ERROR d.g.c.s.m.LectureModuleMergerService [main] Found no matching module for lecture code W3M10001: GM I: Anwendungsorientierte Forschung (SoSe;Zertifikatsprogramm)
2021-06-12 22:28:32,558 ERROR d.g.c.s.m.LectureModuleMergerService [main] Found no matching module for lecture code W3M10002: GM II: Strategisches Management (ACS)
2021-06-12 22:28:32,558 ERROR d.g.c.s.m.LectureModuleMergerService [main] Found no matching module for lecture code W3M10002: GM II: Strategisches Management (GBM)
2021-06-12 22:28:32,558 ERROR d.g.c.s.m.LectureModuleMergerService [main] Found no matching module for lecture code W3M10002: GM II: Strategisches Management (FIN)
2021-06-12 22:28:32,558 ERROR d.g.c.s.m.LectureModuleMergerService [main] Found no matching module for lecture code W3M10002: GM II: Strategisches Management (MKT, MDM, PO)
2021-06-12 22:28:32,558 ERROR d.g.c.s.m.LectureModuleMergerService [main] Found no matching module for lecture code W3M10002: GM II: Strategisches Management (SLP)
2021-06-12 22:28:32,558 ERROR d.g.c.s.m.LectureModuleMergerService [main] Found no matching module for lecture code W3M10002: GM II: Strategisches Management (Zertifikatsprogramm)
2021-06-12 22:28:32,559 ERROR d.g.c.s.m.LectureModuleMergerService [main] Found no matching module for lecture code W3M10002: GM II: Strategisches Management (SoSe;Zertifikatsprogramm - Gruppe A)
2021-06-12 22:28:32,559 ERROR d.g.c.s.m.LectureModuleMergerService [main] Found no matching module for lecture code W3M10002: GM II: Strategisches Management (SoSe;Zertifikatsprogramm - Gruppe B)
2021-06-12 22:28:32,559 ERROR d.g.c.s.m.LectureModuleMergerService [main] Found no matching module for lecture code W3M10002: GM II: Strategisches Management (HdH)
2021-06-12 22:28:32,559 ERROR d.g.c.s.m.LectureModuleMergerService [main] Found no matching module for lecture code W3M10002: GM II: Strategisches Management (LÖ)
2021-06-12 22:28:32,559 ERROR d.g.c.s.m.LectureModuleMergerService [main] Found no matching module for lecture code W3M10002: GM II: Strategisches Management (RV)
2021-06-12 22:28:32,559 ERROR d.g.c.s.m.LectureModuleMergerService [main] Found no matching module for lecture code W3M10002: GM II: Strategisches Management (VS) - teilweise in englischer Sprache
2021-06-12 22:28:32,560 ERROR d.g.c.s.m.LectureModuleMergerService [main] Found no matching module for lecture code W3M10003: GM III: Managerial Economics und Recht (WiSe)
2021-06-12 22:28:32,560 ERROR d.g.c.s.m.LectureModuleMergerService [main] Found no matching module for lecture code W3M10003: GM III: Managerial Economics und Recht (ACS)
2021-06-12 22:28:32,560 ERROR d.g.c.s.m.LectureModuleMergerService [main] Found no matching module for lecture code W3M10003: GM III: Managerial Economics und Recht (GBM)
2021-06-12 22:28:32,560 ERROR d.g.c.s.m.LectureModuleMergerService [main] Found no matching module for lecture code W3M10003: GM III: Managerial Economics und Recht (FIN)
2021-06-12 22:28:32,560 ERROR d.g.c.s.m.LectureModuleMergerService [main] Found no matching module for lecture code W3M10003: GM III: Managerial Economics und Recht (MDM, MKT, PO)
2021-06-12 22:28:32,560 ERROR d.g.c.s.m.LectureModuleMergerService [main] Found no matching module for lecture code W3M10003: GM III: Managerial Economics und Recht (SLP)
2021-06-12 22:28:32,560 ERROR d.g.c.s.m.LectureModuleMergerService [main] Found no matching module for lecture code W3M10003: GM III: Managerial Economics und Recht (Zertifikatsprogramm)
2021-06-12 22:28:32,561 ERROR d.g.c.s.m.LectureModuleMergerService [main] Found no matching module for lecture code W3M10003: GM III: Managerial Economics und Recht (HdH)
2021-06-12 22:28:32,561 ERROR d.g.c.s.m.LectureModuleMergerService [main] Found no matching module for lecture code W3M10003: GM III: Managerial Economics und Recht (LÖ)
2021-06-12 22:28:32,561 ERROR d.g.c.s.m.LectureModuleMergerService [main] Found no matching module for lecture code W3M10003: GM III: Managerial Economics und Recht (RV)
2021-06-12 22:28:32,561 ERROR d.g.c.s.m.LectureModuleMergerService [main] Found no matching module for lecture code W3M10003: GM III: Managerial Economics und Recht (VS)
2021-06-12 22:28:32,561 ERROR d.g.c.s.m.LectureModuleMergerService [main] Found no matching module for lecture code W3M10004: GM IV: Führung, Organisation und Ethik (ACS)
2021-06-12 22:28:32,561 ERROR d.g.c.s.m.LectureModuleMergerService [main] Found no matching module for lecture code W3M10004: GM IV: Führung, Organisation und Ethik (GBM)
2021-06-12 22:28:32,561 ERROR d.g.c.s.m.LectureModuleMergerService [main] Found no matching module for lecture code W3M10004: GM IV: Führung, Organisation und Ethik (FIN)
2021-06-12 22:28:32,562 ERROR d.g.c.s.m.LectureModuleMergerService [main] Found no matching module for lecture code W3M10004: GM IV: Führung, Organisation und Ethik (MDM, MKT, PO)
2021-06-12 22:28:32,562 ERROR d.g.c.s.m.LectureModuleMergerService [main] Found no matching module for lecture code W3M10004: GM IV: Führung, Organisation und Ethik (SLP)
2021-06-12 22:28:32,562 ERROR d.g.c.s.m.LectureModuleMergerService [main] Found no matching module for lecture code W3M10004: GM IV: Führung, Organisation und Ethik (SoSe;Zertifikatsprogramm)
2021-06-12 22:28:32,562 ERROR d.g.c.s.m.LectureModuleMergerService [main] Found no matching module for lecture code W3M10004: GM IV: Führung, Organisation und Ethik (HdH)
2021-06-12 22:28:32,562 ERROR d.g.c.s.m.LectureModuleMergerService [main] Found no matching module for lecture code W3M10004: GM IV: Führung, Organisation und Ethik (LÖ)
2021-06-12 22:28:32,562 ERROR d.g.c.s.m.LectureModuleMergerService [main] Found no matching module for lecture code W3M10004: GM IV: Führung, Organisation und Ethik (RV)
2021-06-12 22:28:32,563 ERROR d.g.c.s.m.LectureModuleMergerService [main] Found no matching module for lecture code W3M10004: GM IV: Führung, Organisation und Ethik (VS)
2021-06-12 22:28:32,563 ERROR d.g.c.s.m.LectureModuleMergerService [main] Found no matching module for lecture code W3M10005: Innovations- und Changemanagement (WiSe - Gruppe A)
2021-06-12 22:28:32,563 ERROR d.g.c.s.m.LectureModuleMergerService [main] Found no matching module for lecture code W3M10005: Innovations- und Changemanagement (WiSe - Gruppe B)
2021-06-12 22:28:32,563 ERROR d.g.c.s.m.LectureModuleMergerService [main] Found no matching module for lecture code W3M10005: Innovations- und Changemanagement (SoSe A;Zertifikatsprogramm)
2021-06-12 22:28:32,563 ERROR d.g.c.s.m.LectureModuleMergerService [main] Found no matching module for lecture code W3M10005: Innovations- und Changemanagement (SoSe B)
2021-06-12 22:28:32,563 ERROR d.g.c.s.m.LectureModuleMergerService [main] Found no matching module for lecture code W3M10006: Qualitäts- und Prozessmanagement (WiSe)
2021-06-12 22:28:32,564 ERROR d.g.c.s.m.LectureModuleMergerService [main] Found no matching module for lecture code W3M10006: Qualitäts- und Prozessmanagement (SoSe;Zertifikatsprogramm)
2021-06-12 22:28:32,564 ERROR d.g.c.s.m.LectureModuleMergerService [main] Found no matching module for lecture code W3M10007: Technologien der digitalen Transformation und Anwendungen
2021-06-12 22:28:32,564 ERROR d.g.c.s.m.LectureModuleMergerService [main] Found no matching module for lecture code W3M10007: Technologien der digitalen Transformation und Anwendungen (SoSe)
2021-06-12 22:28:32,564 ERROR d.g.c.s.m.LectureModuleMergerService [main] Found no matching module for lecture code W3M10101: Rechnungslegung nach IFRS und HGB im Vergleich
2021-06-12 22:28:32,564 ERROR d.g.c.s.m.LectureModuleMergerService [main] Found no matching module for lecture code W3M10102: Wertorientiertes Management und Controlling
2021-06-12 22:28:32,564 ERROR d.g.c.s.m.LectureModuleMergerService [main] Found no matching module for lecture code W3M10102: Wertorientiertes Management und Controlling
2021-06-12 22:28:32,565 ERROR d.g.c.s.m.LectureModuleMergerService [main] Found no matching module for lecture code W3M10107: Konzernrechnungslegung nach HGB und IFRS
2021-06-12 22:28:32,565 ERROR d.g.c.s.m.LectureModuleMergerService [main] Found no matching module for lecture code W3M10108: Investor Relations, Corporate Governance, Compliance
2021-06-12 22:28:32,565 ERROR d.g.c.s.m.LectureModuleMergerService [main] Found no matching module for lecture code W3M10109: Wertorientierung und Werteorientierung (letztmalig im Modulangebot)
2021-06-12 22:28:32,565 ERROR d.g.c.s.m.LectureModuleMergerService [main] Found no matching module for lecture code W3M10112: Strategisches und operatives Controlling
2021-06-12 22:28:32,565 ERROR d.g.c.s.m.LectureModuleMergerService [main] Found no matching module for lecture code W3M10112: Strategisches und operatives Controlling
2021-06-12 22:28:32,565 ERROR d.g.c.s.m.LectureModuleMergerService [main] Found no matching module for lecture code W3M10116: Führungsorientierte Kosten- und Leistungsrechnung
2021-06-12 22:28:32,565 ERROR d.g.c.s.m.LectureModuleMergerService [main] Found no matching module for lecture code W3M10116: Führungsorientierte Kosten- und Leistungsrechnung
2021-06-12 22:28:32,566 ERROR d.g.c.s.m.LectureModuleMergerService [main] Found no matching module for lecture code W3M10118: Unternehmensbesteuerung und Steuerbilanz
2021-06-12 22:28:32,566 ERROR d.g.c.s.m.LectureModuleMergerService [main] Found no matching module for lecture code W3M10119: Nutzung der Informationstechnologie im internen und externen Rechnungswesen
2021-06-12 22:28:32,566 ERROR d.g.c.s.m.LectureModuleMergerService [main] Found no matching module for lecture code W3M10120: Mergers & Acquisitions, Beteiligungsmanagement
2021-06-12 22:28:32,566 ERROR d.g.c.s.m.LectureModuleMergerService [main] Found no matching module for lecture code W3M10120: Mergers & Acquisitions, Beteiligungsmanagement
2021-06-12 22:28:32,566 ERROR d.g.c.s.m.LectureModuleMergerService [main] Found no matching module for lecture code W3M10121: Finanzberichterstattung
2021-06-12 22:28:32,566 ERROR d.g.c.s.m.LectureModuleMergerService [main] Found no matching module for lecture code W3M10123: Ausgewählte Themen des branchenspezifischen u. funktionsorientierten Controllings
2021-06-12 22:28:32,566 ERROR d.g.c.s.m.LectureModuleMergerService [main] Found no matching module for lecture code W3M10201: Risikomanagement (Start: 16.10.2020)
2021-06-12 22:28:32,567 ERROR d.g.c.s.m.LectureModuleMergerService [main] Found no matching module for lecture code W3M10201: Risikomanagement (Start: 26.04.2021)
2021-06-12 22:28:32,567 ERROR d.g.c.s.m.LectureModuleMergerService [main] Found no matching module for lecture code W3M10201: Risikomanagement (Start: 21.06.2021)
2021-06-12 22:28:32,567 ERROR d.g.c.s.m.LectureModuleMergerService [main] Found no matching module for lecture code W3M10201: Risikomanagement (Start: 01.02.2021)
2021-06-12 22:28:32,567 ERROR d.g.c.s.m.LectureModuleMergerService [main] Found no matching module for lecture code W3M10202: Krisen- und Turnaroundmanagement
2021-06-12 22:28:32,567 ERROR d.g.c.s.m.LectureModuleMergerService [main] Found no matching module for lecture code W3M10202: Krisen- und Turnaroundmanagement
2021-06-12 22:28:32,567 ERROR d.g.c.s.m.LectureModuleMergerService [main] Found no matching module for lecture code W3M10301: Service Excellence & Service Engineering (letztmalig im Modulangebot)
2021-06-12 22:28:32,567 ERROR d.g.c.s.m.LectureModuleMergerService [main] Found no matching module for lecture code W3M10302: Projekt- und Multi-Projekt-Management-Tools für Consultants  (neu:PO)
2021-06-12 22:28:32,568 ERROR d.g.c.s.m.LectureModuleMergerService [main] Found no matching module for lecture code W3M10303: Tools für die Strategie-Beratung (neu:MKT)
2021-06-12 22:28:32,568 ERROR d.g.c.s.m.LectureModuleMergerService [main] Found no matching module for lecture code W3M10304: Tools für die Organisations-Beratung (neu:PO)
2021-06-12 22:28:32,568 ERROR d.g.c.s.m.LectureModuleMergerService [main] Found no matching module for lecture code W3M10401: Finanzmarkttheorie, Finanzrisikomanagement u. Anwendungen
2021-06-12 22:28:32,568 ERROR d.g.c.s.m.LectureModuleMergerService [main] Found no matching module for lecture code W3M10402: Finanzplanung & Finanzinstrumente
2021-06-12 22:28:32,568 ERROR d.g.c.s.m.LectureModuleMergerService [main] Found no matching module for lecture code W3M10402: Finanzplanung & Finanzinstrumente
2021-06-12 22:28:32,568 ERROR d.g.c.s.m.LectureModuleMergerService [main] Found no matching module for lecture code W3M10403: Bankmanagement und Bankcontrolling
2021-06-12 22:28:32,568 ERROR d.g.c.s.m.LectureModuleMergerService [main] Found no matching module for lecture code W3M10404: Finanzanalyse & Rating
2021-06-12 22:28:32,569 ERROR d.g.c.s.m.LectureModuleMergerService [main] Found no matching module for lecture code W3M10405: Asset & Wealth Management
2021-06-12 22:28:32,569 ERROR d.g.c.s.m.LectureModuleMergerService [main] Found no matching module for lecture code W3M10407: Quantitative Methoden im Finance
2021-06-12 22:28:32,569 ERROR d.g.c.s.m.LectureModuleMergerService [main] Found no matching module for lecture code W3M10409: Treasury Management im Unternehmen
2021-06-12 22:28:32,569 ERROR d.g.c.s.m.LectureModuleMergerService [main] Found no matching module for lecture code W3M10411: Kreditrisikomanagement
2021-06-12 22:28:32,569 ERROR d.g.c.s.m.LectureModuleMergerService [main] Found no matching module for lecture code W3M10412: Advanced Financial Modelling (letztmalig im Modulangebot)
2021-06-12 22:28:32,569 ERROR d.g.c.s.m.LectureModuleMergerService [main] Found no matching module for lecture code W3M10413: Vertriebsmanagement bei Finanzdienstleistern
2021-06-12 22:28:32,569 ERROR d.g.c.s.m.LectureModuleMergerService [main] Found no matching module for lecture code W3M10414: Versicherungsmanagement (letztmalig im Modulangebot)
2021-06-12 22:28:32,569 ERROR d.g.c.s.m.LectureModuleMergerService [main] Found no matching module for lecture code W3M10416: Unternehmensbewertung und Corporate Finance
2021-06-12 22:28:32,570 ERROR d.g.c.s.m.LectureModuleMergerService [main] Found no matching module for lecture code W3M10418: Digitalisierung und Innovation im Finance
2021-06-12 22:28:32,570 ERROR d.g.c.s.m.LectureModuleMergerService [main] Found no matching module for lecture code W3M10420: Finanzderivate und Strukturierte Finanzprodukte
2021-06-12 22:28:32,570 ERROR d.g.c.s.m.LectureModuleMergerService [main] Found no matching module for lecture code W3M10502: Multi-Channel-Management (neu:MKT)
2021-06-12 22:28:32,570 ERROR d.g.c.s.m.LectureModuleMergerService [main] Found no matching module for lecture code W3M10503: Category Management (neu:MKT)
2021-06-12 22:28:32,570 ERROR d.g.c.s.m.LectureModuleMergerService [main] Found no matching module for lecture code W3M10601: International Marketing and Intercultural Management (neu:MKT)
2021-06-12 22:28:32,570 ERROR d.g.c.s.m.LectureModuleMergerService [main] Found no matching module for lecture code W3M10606: International Sales Management (neu:MKT)
2021-06-12 22:28:32,570 ERROR d.g.c.s.m.LectureModuleMergerService [main] Found no matching module for lecture code W3M10701: General Marketing-Management
2021-06-12 22:28:32,571 ERROR d.g.c.s.m.LectureModuleMergerService [main] Found no matching module for lecture code W3M10701: General Marketing-Management
2021-06-12 22:28:32,571 ERROR d.g.c.s.m.LectureModuleMergerService [main] Found no matching module for lecture code W3M10702: Organisationales Beschaffungsverhalten (letztmalig im Modulangebot)
2021-06-12 22:28:32,571 ERROR d.g.c.s.m.LectureModuleMergerService [main] Found no matching module for lecture code W3M10703: B2B Produkt- und Leistungspolitik
2021-06-12 22:28:32,571 ERROR d.g.c.s.m.LectureModuleMergerService [main] Found no matching module for lecture code W3M10704: Online und Social Media Marketing (SoSe)
2021-06-12 22:28:32,571 ERROR d.g.c.s.m.LectureModuleMergerService [main] Found no matching module for lecture code W3M10704: Online und Social Media Marketing (WiSe)
2021-06-12 22:28:32,571 ERROR d.g.c.s.m.LectureModuleMergerService [main] Found no matching module for lecture code W3M10705: B2B Vertriebs- und Preismanagement
2021-06-12 22:28:32,571 ERROR d.g.c.s.m.LectureModuleMergerService [main] Found no matching module for lecture code W3M10706: Markenmanagement
2021-06-12 22:28:32,571 ERROR d.g.c.s.m.LectureModuleMergerService [main] Found no matching module for lecture code W3M10707: B2B Kommunikation
2021-06-12 22:28:32,572 ERROR d.g.c.s.m.LectureModuleMergerService [main] Found no matching module for lecture code W3M10708: Kundenmanagement / CRM
2021-06-12 22:28:32,572 ERROR d.g.c.s.m.LectureModuleMergerService [main] Found no matching module for lecture code W3M10708: Kundenmanagement / CRM
2021-06-12 22:28:32,572 ERROR d.g.c.s.m.LectureModuleMergerService [main] Found no matching module for lecture code W3M10709: Premiummarkenführung und Produktmanagement (letztmalig im Modulangebot)
2021-06-12 22:28:32,572 ERROR d.g.c.s.m.LectureModuleMergerService [main] Found no matching module for lecture code W3M10710: Business Development I
2021-06-12 22:28:32,572 ERROR d.g.c.s.m.LectureModuleMergerService [main] Found no matching module for lecture code W3M10710: Business Development I (Gruppe A)
2021-06-12 22:28:32,572 ERROR d.g.c.s.m.LectureModuleMergerService [main] Found no matching module for lecture code W3M10710: Business Development I (Gruppe B)
2021-06-12 22:28:32,572 ERROR d.g.c.s.m.LectureModuleMergerService [main] Found no matching module for lecture code W3M10711: Qualitative Marktforschung (letztmalig im Modulangebotl)
2021-06-12 22:28:32,573 ERROR d.g.c.s.m.LectureModuleMergerService [main] Found no matching module for lecture code W3M10711: Qualitative Marktforschung (letztmalig im Modulangebotl)
2021-06-12 22:28:32,573 ERROR d.g.c.s.m.LectureModuleMergerService [main] Found no matching module for lecture code W3M10712: Quantitative Marktforschung
2021-06-12 22:28:32,573 ERROR d.g.c.s.m.LectureModuleMergerService [main] Found no matching module for lecture code W3M10712: Quantitative Marktforschung
2021-06-12 22:28:32,573 ERROR d.g.c.s.m.LectureModuleMergerService [main] Found no matching module for lecture code W3M10713: Business Development II
2021-06-12 22:28:32,573 ERROR d.g.c.s.m.LectureModuleMergerService [main] Found no matching module for lecture code W3M10713: Business Development II
2021-06-12 22:28:32,573 ERROR d.g.c.s.m.LectureModuleMergerService [main] Found no matching module for lecture code W3M10801: Media Business & Marketing
2021-06-12 22:28:32,573 ERROR d.g.c.s.m.LectureModuleMergerService [main] Found no matching module for lecture code W3M10802: Consumer Insights
2021-06-12 22:28:32,574 ERROR d.g.c.s.m.LectureModuleMergerService [main] Found no matching module for lecture code W3M10803: Strategic Management in Dynamic Environments
2021-06-12 22:28:32,574 ERROR d.g.c.s.m.LectureModuleMergerService [main] Found no matching module for lecture code W3M10804: Design Thinking
2021-06-12 22:28:32,574 ERROR d.g.c.s.m.LectureModuleMergerService [main] Found no matching module for lecture code W3M10804: Design Thinking
2021-06-12 22:28:32,574 ERROR d.g.c.s.m.LectureModuleMergerService [main] Found no matching module for lecture code W3M10804: Design Thinking
2021-06-12 22:28:32,574 ERROR d.g.c.s.m.LectureModuleMergerService [main] Found no matching module for lecture code W3M10805: User Centered Design
2021-06-12 22:28:32,574 ERROR d.g.c.s.m.LectureModuleMergerService [main] Found no matching module for lecture code W3M10808: Krisen- und Nachhaltigkeitskommunikation
2021-06-12 22:28:32,574 ERROR d.g.c.s.m.LectureModuleMergerService [main] Found no matching module for lecture code W3M10811: Brand and Live Communiaction
2021-06-12 22:28:32,574 ERROR d.g.c.s.m.LectureModuleMergerService [main] Found no matching module for lecture code W3M10812: Data Analysis and Visualization
2021-06-12 22:28:32,575 ERROR d.g.c.s.m.LectureModuleMergerService [main] Found no matching module for lecture code W3M10901: Arbeitsrechtlicher Gestaltungsrahmen und Flexibilisierung
2021-06-12 22:28:32,575 ERROR d.g.c.s.m.LectureModuleMergerService [main] Found no matching module for lecture code W3M10902: Demografieorientiertes Personalmanagement
2021-06-12 22:28:32,575 ERROR d.g.c.s.m.LectureModuleMergerService [main] Found no matching module for lecture code W3M10903: Organisationspsychologie und -soziologie
2021-06-12 22:28:32,575 ERROR d.g.c.s.m.LectureModuleMergerService [main] Found no matching module for lecture code W3M10903: Organisationspsychologie und -soziologie
2021-06-12 22:28:32,575 ERROR d.g.c.s.m.LectureModuleMergerService [main] Found no matching module for lecture code W3M10904: Strategisches Personalmanagement
2021-06-12 22:28:32,575 ERROR d.g.c.s.m.LectureModuleMergerService [main] Found no matching module for lecture code W3M10905: Personaldiagnostik
2021-06-12 22:28:32,575 ERROR d.g.c.s.m.LectureModuleMergerService [main] Found no matching module for lecture code W3M10906: Talentmanagement
2021-06-12 22:28:32,575 ERROR d.g.c.s.m.LectureModuleMergerService [main] Found no matching module for lecture code W3M10907: Internationales Personalmanagement
2021-06-12 22:28:32,576 ERROR d.g.c.s.m.LectureModuleMergerService [main] Found no matching module for lecture code W3M10908: Anreizsysteme und Personalcontrolling
2021-06-12 22:28:32,576 ERROR d.g.c.s.m.LectureModuleMergerService [main] Found no matching module for lecture code W3M10909: Digitale Transformation und Big Data in Organisationen
2021-06-12 22:28:32,576 ERROR d.g.c.s.m.LectureModuleMergerService [main] Found no matching module for lecture code W3M10910: Politik und Emotionen in Organisationen
2021-06-12 22:28:32,576 ERROR d.g.c.s.m.LectureModuleMergerService [main] Found no matching module for lecture code W3M11001: Supply Chain Management:  Strategien, Ziele und Trends
2021-06-12 22:28:32,576 ERROR d.g.c.s.m.LectureModuleMergerService [main] Found no matching module for lecture code W3M11002: Supply Chain Management: Methoden und Tools
2021-06-12 22:28:32,576 ERROR d.g.c.s.m.LectureModuleMergerService [main] Found no matching module for lecture code W3M11003: Kernprozess SOURCE: Beschaffungsmanagement
2021-06-12 22:28:32,576 ERROR d.g.c.s.m.LectureModuleMergerService [main] Found no matching module for lecture code W3M11004: Kernprozess MAKE: Produktionsmanagement
2021-06-12 22:28:32,576 ERROR d.g.c.s.m.LectureModuleMergerService [main] Found no matching module for lecture code W3M11005: Kernprozess DELIVER: Distributionsmanagement
2021-06-12 22:28:32,577 ERROR d.g.c.s.m.LectureModuleMergerService [main] Found no matching module for lecture code W3M11006: Einkaufsmanagement des Handels
2021-06-12 22:28:32,577 ERROR d.g.c.s.m.LectureModuleMergerService [main] Found no matching module for lecture code W3M11008: Management internationaler Transportketten
2021-06-12 22:28:32,577 ERROR d.g.c.s.m.LectureModuleMergerService [main] Found no matching module for lecture code W3M11009: Supply Chain Finance und Controlling
2021-06-12 22:28:32,577 ERROR d.g.c.s.m.LectureModuleMergerService [main] Found no matching module for lecture code W3M11010: Outsourcing und Ausschreibungsmanagement
2021-06-12 22:28:32,577 ERROR d.g.c.s.m.LectureModuleMergerService [main] Found no matching module for lecture code W3M11011: Entscheidungsfindung in komplexen Situationen
2021-06-12 22:28:32,577 ERROR d.g.c.s.m.LectureModuleMergerService [main] Found no matching module for lecture code W3M12003: Grundlagen der Betriebswirtschaftslehre
2021-06-12 22:28:32,577 ERROR d.g.c.s.m.LectureModuleMergerService [main] Found no matching module for lecture code W3M12003: Grundlagen der Betriebswirtschaftslehre (alt) Entscheidungsorientierte
2021-06-12 22:28:32,577 ERROR d.g.c.s.m.LectureModuleMergerService [main] Found no matching module for lecture code W3M12004: Grundlagen der Investition und Finanzierung
2021-06-12 22:28:32,578 ERROR d.g.c.s.m.LectureModuleMergerService [main] Found no matching module for lecture code W3M12004: Grundlagen der Investition und Finanzierung
2021-06-12 22:28:32,578 ERROR d.g.c.s.m.LectureModuleMergerService [main] Found no matching module for lecture code W3M12005: Grundlagen des Rechnungswesens und Controllings
2021-06-12 22:28:32,578 ERROR d.g.c.s.m.LectureModuleMergerService [main] Found no matching module for lecture code W3M12005: Grundlagen des Rechnungswesens und Controllings
2021-06-12 22:28:32,578 ERROR d.g.c.s.m.LectureModuleMergerService [main] Found no matching module for lecture code W3M12006: Grundlagen des Marketing
2021-06-12 22:28:32,578 ERROR d.g.c.s.m.LectureModuleMergerService [main] Found no matching module for lecture code W3M12006: Grundlagen des Marketing (alt) Marketing und Vertrieb (neu)
2021-06-12 22:28:32,578 ERROR d.g.c.s.m.LectureModuleMergerService [main] Found no matching module for lecture code W3M12007: Grundlagen Personal und Organisation
2021-06-12 22:28:32,578 ERROR d.g.c.s.m.LectureModuleMergerService [main] Found no matching module for lecture code W3M12007: Grundlagen Personal und Organisation (alt) Personal und Organisation (Neu)
2021-06-12 22:28:32,578 ERROR d.g.c.s.m.LectureModuleMergerService [main] Found no matching module for lecture code W3M20001: IT Governance & IT Strategy
2021-06-12 22:28:32,579 ERROR d.g.c.s.m.LectureModuleMergerService [main] Found no matching module for lecture code W3M20002: IT Project & Project Portfolio Management
2021-06-12 22:28:32,579 ERROR d.g.c.s.m.LectureModuleMergerService [main] Found no matching module for lecture code W3M20003: Business Process Management & Modeling
2021-06-12 22:28:32,579 ERROR d.g.c.s.m.LectureModuleMergerService [main] Found no matching module for lecture code W3M20004: Business Process Analytics, Simulation, & Mining
2021-06-12 22:28:32,579 ERROR d.g.c.s.m.LectureModuleMergerService [main] Found no matching module for lecture code W3M20005: Strategic Management of Business Processes
2021-06-12 22:28:32,579 ERROR d.g.c.s.m.LectureModuleMergerService [main] Found no matching module for lecture code W3M20006: Integrierte Informationsverarbeitung
2021-06-12 22:28:32,579 ERROR d.g.c.s.m.LectureModuleMergerService [main] Found no matching module for lecture code W3M20007: Advanced Aspects in E-Business
2021-06-12 22:28:32,579 ERROR d.g.c.s.m.LectureModuleMergerService [main] Found no matching module for lecture code W3M20008: Enterprise Software Infrastructure
2021-06-12 22:28:32,579 ERROR d.g.c.s.m.LectureModuleMergerService [main] Found no matching module for lecture code W3M20009: Development of Mobile Business Applications
2021-06-12 22:28:32,580 ERROR d.g.c.s.m.LectureModuleMergerService [main] Found no matching module for lecture code W3M20010: Design Patterns for Enterprise Software
2021-06-12 22:28:32,580 ERROR d.g.c.s.m.LectureModuleMergerService [main] Found no matching module for lecture code W3M20011: Advanced Data Management
2021-06-12 22:28:32,580 ERROR d.g.c.s.m.LectureModuleMergerService [main] Found no matching module for lecture code W3M20012: Advanced Business Software Lifecycle Management
2021-06-12 22:28:32,580 ERROR d.g.c.s.m.LectureModuleMergerService [main] Found no matching module for lecture code W3M20014: IT-Security Cryptography & Secure Communications
2021-06-12 22:28:32,580 ERROR d.g.c.s.m.LectureModuleMergerService [main] Found no matching module for lecture code W3M20015: Information Security Management
2021-06-12 22:28:32,580 ERROR d.g.c.s.m.LectureModuleMergerService [main] Found no matching module for lecture code W3M20016: IT-Security Secure Software Engineering in Business Computing
2021-06-12 22:28:32,580 ERROR d.g.c.s.m.LectureModuleMergerService [main] Found no matching module for lecture code W3M20017: IT-Security Attack and Defense
2021-06-12 22:28:32,581 ERROR d.g.c.s.m.LectureModuleMergerService [main] Found no matching module for lecture code W3M20018: Data Science & Big Data
2021-06-12 22:28:32,581 ERROR d.g.c.s.m.LectureModuleMergerService [main] Found no matching module for lecture code W3M20018: Data Science & Big Data
2021-06-12 22:28:32,581 ERROR d.g.c.s.m.LectureModuleMergerService [main] Found no matching module for lecture code W3M20019: Social Software
2021-06-12 22:28:32,581 ERROR d.g.c.s.m.LectureModuleMergerService [main] Found no matching module for lecture code W3M20019: Social Software
2021-06-12 22:28:32,581 ERROR d.g.c.s.m.LectureModuleMergerService [main] Found no matching module for lecture code W3M20020: Internet of Things
2021-06-12 22:28:32,581 ERROR d.g.c.s.m.LectureModuleMergerService [main] Found no matching module for lecture code W3M20021: Information Technology Law and Ethics
2021-06-12 22:28:32,582 ERROR d.g.c.s.m.LectureModuleMergerService [main] Found no matching module for lecture code W3M20023: Blockchain-Technologie, Smart Contracts und digitale Plattformen
2021-06-12 22:28:32,582 ERROR d.g.c.s.m.LectureModuleMergerService [main] Found no matching module for lecture code W3M20024: Anwendungen der Künstlichen Intelligenz
2021-06-12 22:28:32,582 ERROR d.g.c.s.m.LectureModuleMergerService [main] Found no matching module for lecture code W3M20024: Anwendungen der Künstlichen Intelligenz
2021-06-12 22:28:32,582 ERROR d.g.c.s.m.LectureModuleMergerService [main] Found no matching module for lecture code W3M20030: Forschungsmethoden in der Wirtschaftsinformatik (Gruppe A)
2021-06-12 22:28:32,582 ERROR d.g.c.s.m.LectureModuleMergerService [main] Found no matching module for lecture code W3M20030: Forschungsmethoden in der Wirtschaftsinformatik (Gruppe B)
2021-06-12 22:28:32,582 ERROR d.g.c.s.m.LectureModuleMergerService [main] Found no matching module for lecture code W3M20030: Forschungsmethoden in der Wirtschaftsinformatik (Gruppe A)
2021-06-12 22:28:32,583 ERROR d.g.c.s.m.LectureModuleMergerService [main] Found no matching module for lecture code W3M20030: Forschungsmethoden in der Wirtschaftsinformatik (Gruppe B)
2021-06-12 22:28:32,583 ERROR d.g.c.s.m.LectureModuleMergerService [main] Found no matching module for lecture code W3M20031: Forschungsprojektarbeit Wirtschaftsinformatik I
2021-06-12 22:28:32,583 INFO d.g.c.s.m.LectureModuleMergeOrchestratorService [main] Created 461 merged lectureModules
2021-06-12 22:28:32,595 INFO d.g.c.s.m.LectureModuleMergeOrchestratorService [main] Written 461 lectureModules to file: lecture-modules/json/lecture-modules.json
